<html>
<head>
<title>TestNG:  Test1</title>
<link href="../testng.css" rel="stylesheet" type="text/css" />
<link href="../my-testng.css" rel="stylesheet" type="text/css" />

<style type="text/css">
.log { display: none;} 
.stack-trace { display: none;} 
</style>
<script type="text/javascript">
<!--
function flip(e) {
  current = e.style.display;
  if (current == 'block') {
    e.style.display = 'none';
    return 0;
  }
  else {
    e.style.display = 'block';
    return 1;
  }
}

function toggleBox(szDivId, elem, msg1, msg2)
{
  var res = -1;  if (document.getElementById) {
    res = flip(document.getElementById(szDivId));
  }
  else if (document.all) {
    // this is the way old msie versions work
    res = flip(document.all[szDivId]);
  }
  if(elem) {
    if(res == 0) elem.innerHTML = msg1; else elem.innerHTML = msg2;
  }

}

function toggleAllBoxes() {
  if (document.getElementsByTagName) {
    d = document.getElementsByTagName('div');
    for (i = 0; i < d.length; i++) {
      if (d[i].className == 'log') {
        flip(d[i]);
      }
    }
  }
}

// -->
</script>

</head>
<body>
<h2 align='center'>Test1</h2><table border='1' align="center">
<tr>
<td>Tests passed/Failed/Skipped:</td><td>11/4/0</td>
</tr><tr>
<td>Started on:</td><td>Wed Sep 10 04:11:44 COT 2014</td>
</tr>
<tr><td>Total time:</td><td>1267 seconds (1267390 ms)</td>
</tr><tr>
<td>Included groups:</td><td></td>
</tr><tr>
<td>Excluded groups:</td><td></td>
</tr>
</table><p/>
<small><i>(Hover the method name to see the test class name)</i></small><p/>
<table width='100%' border='1' class='invocation-failed'>
<tr><td colspan='4' align='center'><b>FAILED TESTS</b></td></tr>
<tr><td><b>Test method</b></td>
<td width="30%"><b>Exception</b></td>
<td width="10%"><b>Time (seconds)</b></td>
<td><b>Instance</b></td>
</tr>
<tr>
<td title='se.test.MiTvAppTest.LikeTest.test_3verifyLikePelis()'><b>test_3verifyLikePelis</b><br>Test class: se.test.MiTvAppTest.LikeTest<br/>
<a href="#Output-2131670196" onClick='toggleBox("Output-2131670196", this, "Show output", "Hide output");'>Show output</a>

<a href="#Output-2131670196" onClick="toggleAllBoxes();">Show all outputs</a>
<div class='log' id="Output-2131670196">
Verify pelis like option<br/>
login test case<br/>
verify like exists<br/>
</div>
</td>
<td><div><pre>java.lang.AssertionError: expected [true] but found [false]
	at se.test.MiTvAppTest.SuperTestNG.verifyLikeExist(SuperTestNG.java:125)
	at se.test.MiTvAppTest.LikeTest.test_3verifyLikePelis(LikeTest.java:124)
... Removed 28 stack frames</pre></div><a href='#' onClick='toggleBox("stack-trace2131670196", this, "Click to show all stack frames", "Click to hide stack frames")'>Click to show all stack frames</a>
<div class='stack-trace' id='stack-trace2131670196'><pre>java.lang.AssertionError: expected [true] but found [false]
	at org.testng.Assert.fail(Assert.java:94)
	at org.testng.Assert.failNotEquals(Assert.java:494)
	at org.testng.Assert.assertTrue(Assert.java:42)
	at org.testng.Assert.assertTrue(Assert.java:52)
	at se.test.MiTvAppTest.SuperTestNG.verifyLikeExist(SuperTestNG.java:125)
	at se.test.MiTvAppTest.LikeTest.test_3verifyLikePelis(LikeTest.java:124)
	at sun.reflect.NativeMethodAccessorImpl.invoke0(Native Method)
	at sun.reflect.NativeMethodAccessorImpl.invoke(NativeMethodAccessorImpl.java:62)
	at sun.reflect.DelegatingMethodAccessorImpl.invoke(DelegatingMethodAccessorImpl.java:43)
	at java.lang.reflect.Method.invoke(Method.java:483)
	at org.testng.internal.MethodInvocationHelper.invokeMethod(MethodInvocationHelper.java:84)
	at org.testng.internal.Invoker.invokeMethod(Invoker.java:714)
	at org.testng.internal.Invoker.invokeTestMethod(Invoker.java:901)
	at org.testng.internal.Invoker.invokeTestMethods(Invoker.java:1231)
	at org.testng.internal.TestMethodWorker.invokeTestMethods(TestMethodWorker.java:127)
	at org.testng.internal.TestMethodWorker.run(TestMethodWorker.java:111)
	at org.testng.TestRunner.privateRun(TestRunner.java:767)
	at org.testng.TestRunner.run(TestRunner.java:617)
	at org.testng.SuiteRunner.runTest(SuiteRunner.java:334)
	at org.testng.SuiteRunner.runSequentially(SuiteRunner.java:329)
	at org.testng.SuiteRunner.privateRun(SuiteRunner.java:291)
	at org.testng.SuiteRunner.run(SuiteRunner.java:240)
	at org.testng.SuiteRunnerWorker.runSuite(SuiteRunnerWorker.java:52)
	at org.testng.SuiteRunnerWorker.run(SuiteRunnerWorker.java:86)
	at org.testng.TestNG.runSuitesSequentially(TestNG.java:1224)
	at org.testng.TestNG.runSuitesLocally(TestNG.java:1149)
	at org.testng.TestNG.run(TestNG.java:1057)
	at org.testng.remote.RemoteTestNG.run(RemoteTestNG.java:111)
	at org.testng.remote.RemoteTestNG.initAndRun(RemoteTestNG.java:204)
	at org.testng.remote.RemoteTestNG.main(RemoteTestNG.java:175)
</pre></div></td>
<td>162</td>
<td>se.test.MiTvAppTest.LikeTest@60addb54</td></tr>
<tr>
<td title='se.test.MiTvAppTest.LikeTest.test_4verifyLikeSeries()'><b>test_4verifyLikeSeries</b><br>Test class: se.test.MiTvAppTest.LikeTest<br/>
<a href="#Output-2012993836" onClick='toggleBox("Output-2012993836", this, "Show output", "Hide output");'>Show output</a>

<a href="#Output-2012993836" onClick="toggleAllBoxes();">Show all outputs</a>
<div class='log' id="Output-2012993836">
Verify Series like option<br/>
</div>
</td>
<td><div><pre>org.openqa.selenium.NoSuchElementException: An element could not be located on the page using the given search parameters. (WARNING: The server did not provide any stacktrace information)
Command duration or timeout: 60.37 seconds
For documentation on this error, please visit: http://seleniumhq.org/exceptions/no_such_element.html
Build info: version: &apos;2.42.2&apos;, revision: &apos;6a6995d31c7c56c340d6f45a76976d43506cd6cc&apos;, time: &apos;2014-06-03 10:52:47&apos;
System info: host: &apos;IPPRAKASHKUMAR&apos;, ip: &apos;192.168.1.84&apos;, os.name: &apos;Mac OS X&apos;, os.arch: &apos;x86_64&apos;, os.version: &apos;10.9.4&apos;, java.version: &apos;1.8.0_05&apos;
Driver info: io.appium.java_client.AppiumDriver
Capabilities [{desired={}, platformVersion=4.1, warnings={}, webStorageEnabled=false, browserName=Android, takesScreenshot=true, javascriptEnabled=true, databaseEnabled=false, platform=LINUX}]
Session ID: 9b3bc51f-5dc1-4c91-bbc6-006c81c5c39e
	at org.openqa.selenium.remote.ErrorHandler.createThrowable(ErrorHandler.java:204)
	at org.openqa.selenium.remote.ErrorHandler.throwIfResponseFailed(ErrorHandler.java:156)
	at org.openqa.selenium.remote.RemoteWebDriver.execute(RemoteWebDriver.java:599)
	at io.appium.java_client.AppiumDriver.execute(AppiumDriver.java:95)
	at org.openqa.selenium.remote.RemoteWebDriver.findElement(RemoteWebDriver.java:352)
	at org.openqa.selenium.remote.RemoteWebDriver.findElementById(RemoteWebDriver.java:393)
	at org.openqa.selenium.By$ById.findElement(By.java:214)
	at org.openqa.selenium.remote.RemoteWebDriver.findElement(RemoteWebDriver.java:344)
	at se.test.MiTvAppTest.SuperTestNG.profilePage(SuperTestNG.java:82)
	at se.test.MiTvAppTest.LikeTest.test_4verifyLikeSeries(LikeTest.java:132)
... Removed 28 stack frames</pre></div><a href='#' onClick='toggleBox("stack-trace2012993836", this, "Click to show all stack frames", "Click to hide stack frames")'>Click to show all stack frames</a>
<div class='stack-trace' id='stack-trace2012993836'><pre>org.openqa.selenium.NoSuchElementException: An element could not be located on the page using the given search parameters. (WARNING: The server did not provide any stacktrace information)
Command duration or timeout: 60.37 seconds
For documentation on this error, please visit: http://seleniumhq.org/exceptions/no_such_element.html
Build info: version: &apos;2.42.2&apos;, revision: &apos;6a6995d31c7c56c340d6f45a76976d43506cd6cc&apos;, time: &apos;2014-06-03 10:52:47&apos;
System info: host: &apos;IPPRAKASHKUMAR&apos;, ip: &apos;192.168.1.84&apos;, os.name: &apos;Mac OS X&apos;, os.arch: &apos;x86_64&apos;, os.version: &apos;10.9.4&apos;, java.version: &apos;1.8.0_05&apos;
Driver info: io.appium.java_client.AppiumDriver
Capabilities [{desired={}, platformVersion=4.1, warnings={}, webStorageEnabled=false, browserName=Android, takesScreenshot=true, javascriptEnabled=true, databaseEnabled=false, platform=LINUX}]
Session ID: 9b3bc51f-5dc1-4c91-bbc6-006c81c5c39e
	at sun.reflect.NativeConstructorAccessorImpl.newInstance0(Native Method)
	at sun.reflect.NativeConstructorAccessorImpl.newInstance(NativeConstructorAccessorImpl.java:62)
	at sun.reflect.DelegatingConstructorAccessorImpl.newInstance(DelegatingConstructorAccessorImpl.java:45)
	at java.lang.reflect.Constructor.newInstance(Constructor.java:408)
	at org.openqa.selenium.remote.ErrorHandler.createThrowable(ErrorHandler.java:204)
	at org.openqa.selenium.remote.ErrorHandler.throwIfResponseFailed(ErrorHandler.java:156)
	at org.openqa.selenium.remote.RemoteWebDriver.execute(RemoteWebDriver.java:599)
	at io.appium.java_client.AppiumDriver.execute(AppiumDriver.java:95)
	at org.openqa.selenium.remote.RemoteWebDriver.findElement(RemoteWebDriver.java:352)
	at org.openqa.selenium.remote.RemoteWebDriver.findElementById(RemoteWebDriver.java:393)
	at org.openqa.selenium.By$ById.findElement(By.java:214)
	at org.openqa.selenium.remote.RemoteWebDriver.findElement(RemoteWebDriver.java:344)
	at se.test.MiTvAppTest.SuperTestNG.profilePage(SuperTestNG.java:82)
	at se.test.MiTvAppTest.LikeTest.test_4verifyLikeSeries(LikeTest.java:132)
	at sun.reflect.NativeMethodAccessorImpl.invoke0(Native Method)
	at sun.reflect.NativeMethodAccessorImpl.invoke(NativeMethodAccessorImpl.java:62)
	at sun.reflect.DelegatingMethodAccessorImpl.invoke(DelegatingMethodAccessorImpl.java:43)
	at java.lang.reflect.Method.invoke(Method.java:483)
	at org.testng.internal.MethodInvocationHelper.invokeMethod(MethodInvocationHelper.java:84)
	at org.testng.internal.Invoker.invokeMethod(Invoker.java:714)
	at org.testng.internal.Invoker.invokeTestMethod(Invoker.java:901)
	at org.testng.internal.Invoker.invokeTestMethods(Invoker.java:1231)
	at org.testng.internal.TestMethodWorker.invokeTestMethods(TestMethodWorker.java:127)
	at org.testng.internal.TestMethodWorker.run(TestMethodWorker.java:111)
	at org.testng.TestRunner.privateRun(TestRunner.java:767)
	at org.testng.TestRunner.run(TestRunner.java:617)
	at org.testng.SuiteRunner.runTest(SuiteRunner.java:334)
	at org.testng.SuiteRunner.runSequentially(SuiteRunner.java:329)
	at org.testng.SuiteRunner.privateRun(SuiteRunner.java:291)
	at org.testng.SuiteRunner.run(SuiteRunner.java:240)
	at org.testng.SuiteRunnerWorker.runSuite(SuiteRunnerWorker.java:52)
	at org.testng.SuiteRunnerWorker.run(SuiteRunnerWorker.java:86)
	at org.testng.TestNG.runSuitesSequentially(TestNG.java:1224)
	at org.testng.TestNG.runSuitesLocally(TestNG.java:1149)
	at org.testng.TestNG.run(TestNG.java:1057)
	at org.testng.remote.RemoteTestNG.run(RemoteTestNG.java:111)
	at org.testng.remote.RemoteTestNG.initAndRun(RemoteTestNG.java:204)
	at org.testng.remote.RemoteTestNG.main(RemoteTestNG.java:175)
</pre></div></td>
<td>60</td>
<td>se.test.MiTvAppTest.LikeTest@60addb54</td></tr>
<tr>
<td title='se.test.MiTvAppTest.LikeTest.test_5verifyLikeDeportes()'><b>test_5verifyLikeDeportes</b><br>Test class: se.test.MiTvAppTest.LikeTest<br/>
<a href="#Output-1793799654" onClick='toggleBox("Output-1793799654", this, "Show output", "Hide output");'>Show output</a>

<a href="#Output-1793799654" onClick="toggleAllBoxes();">Show all outputs</a>
<div class='log' id="Output-1793799654">
Verify Deportes like option<br/>
</div>
</td>
<td><div><pre>org.openqa.selenium.NoSuchElementException: An element could not be located on the page using the given search parameters. (WARNING: The server did not provide any stacktrace information)
Command duration or timeout: 60.22 seconds
For documentation on this error, please visit: http://seleniumhq.org/exceptions/no_such_element.html
Build info: version: &apos;2.42.2&apos;, revision: &apos;6a6995d31c7c56c340d6f45a76976d43506cd6cc&apos;, time: &apos;2014-06-03 10:52:47&apos;
System info: host: &apos;IPPRAKASHKUMAR&apos;, ip: &apos;192.168.1.84&apos;, os.name: &apos;Mac OS X&apos;, os.arch: &apos;x86_64&apos;, os.version: &apos;10.9.4&apos;, java.version: &apos;1.8.0_05&apos;
Driver info: io.appium.java_client.AppiumDriver
Capabilities [{desired={}, platformVersion=4.1, warnings={}, webStorageEnabled=false, browserName=Android, takesScreenshot=true, javascriptEnabled=true, databaseEnabled=false, platform=LINUX}]
Session ID: 9b3bc51f-5dc1-4c91-bbc6-006c81c5c39e
	at org.openqa.selenium.remote.ErrorHandler.createThrowable(ErrorHandler.java:204)
	at org.openqa.selenium.remote.ErrorHandler.throwIfResponseFailed(ErrorHandler.java:156)
	at org.openqa.selenium.remote.RemoteWebDriver.execute(RemoteWebDriver.java:599)
	at io.appium.java_client.AppiumDriver.execute(AppiumDriver.java:95)
	at org.openqa.selenium.remote.RemoteWebDriver.findElement(RemoteWebDriver.java:352)
	at org.openqa.selenium.remote.RemoteWebDriver.findElementById(RemoteWebDriver.java:393)
	at org.openqa.selenium.By$ById.findElement(By.java:214)
	at org.openqa.selenium.remote.RemoteWebDriver.findElement(RemoteWebDriver.java:344)
	at se.test.MiTvAppTest.SuperTestNG.profilePage(SuperTestNG.java:82)
	at se.test.MiTvAppTest.LikeTest.test_5verifyLikeDeportes(LikeTest.java:156)
... Removed 28 stack frames</pre></div><a href='#' onClick='toggleBox("stack-trace1793799654", this, "Click to show all stack frames", "Click to hide stack frames")'>Click to show all stack frames</a>
<div class='stack-trace' id='stack-trace1793799654'><pre>org.openqa.selenium.NoSuchElementException: An element could not be located on the page using the given search parameters. (WARNING: The server did not provide any stacktrace information)
Command duration or timeout: 60.22 seconds
For documentation on this error, please visit: http://seleniumhq.org/exceptions/no_such_element.html
Build info: version: &apos;2.42.2&apos;, revision: &apos;6a6995d31c7c56c340d6f45a76976d43506cd6cc&apos;, time: &apos;2014-06-03 10:52:47&apos;
System info: host: &apos;IPPRAKASHKUMAR&apos;, ip: &apos;192.168.1.84&apos;, os.name: &apos;Mac OS X&apos;, os.arch: &apos;x86_64&apos;, os.version: &apos;10.9.4&apos;, java.version: &apos;1.8.0_05&apos;
Driver info: io.appium.java_client.AppiumDriver
Capabilities [{desired={}, platformVersion=4.1, warnings={}, webStorageEnabled=false, browserName=Android, takesScreenshot=true, javascriptEnabled=true, databaseEnabled=false, platform=LINUX}]
Session ID: 9b3bc51f-5dc1-4c91-bbc6-006c81c5c39e
	at sun.reflect.NativeConstructorAccessorImpl.newInstance0(Native Method)
	at sun.reflect.NativeConstructorAccessorImpl.newInstance(NativeConstructorAccessorImpl.java:62)
	at sun.reflect.DelegatingConstructorAccessorImpl.newInstance(DelegatingConstructorAccessorImpl.java:45)
	at java.lang.reflect.Constructor.newInstance(Constructor.java:408)
	at org.openqa.selenium.remote.ErrorHandler.createThrowable(ErrorHandler.java:204)
	at org.openqa.selenium.remote.ErrorHandler.throwIfResponseFailed(ErrorHandler.java:156)
	at org.openqa.selenium.remote.RemoteWebDriver.execute(RemoteWebDriver.java:599)
	at io.appium.java_client.AppiumDriver.execute(AppiumDriver.java:95)
	at org.openqa.selenium.remote.RemoteWebDriver.findElement(RemoteWebDriver.java:352)
	at org.openqa.selenium.remote.RemoteWebDriver.findElementById(RemoteWebDriver.java:393)
	at org.openqa.selenium.By$ById.findElement(By.java:214)
	at org.openqa.selenium.remote.RemoteWebDriver.findElement(RemoteWebDriver.java:344)
	at se.test.MiTvAppTest.SuperTestNG.profilePage(SuperTestNG.java:82)
	at se.test.MiTvAppTest.LikeTest.test_5verifyLikeDeportes(LikeTest.java:156)
	at sun.reflect.NativeMethodAccessorImpl.invoke0(Native Method)
	at sun.reflect.NativeMethodAccessorImpl.invoke(NativeMethodAccessorImpl.java:62)
	at sun.reflect.DelegatingMethodAccessorImpl.invoke(DelegatingMethodAccessorImpl.java:43)
	at java.lang.reflect.Method.invoke(Method.java:483)
	at org.testng.internal.MethodInvocationHelper.invokeMethod(MethodInvocationHelper.java:84)
	at org.testng.internal.Invoker.invokeMethod(Invoker.java:714)
	at org.testng.internal.Invoker.invokeTestMethod(Invoker.java:901)
	at org.testng.internal.Invoker.invokeTestMethods(Invoker.java:1231)
	at org.testng.internal.TestMethodWorker.invokeTestMethods(TestMethodWorker.java:127)
	at org.testng.internal.TestMethodWorker.run(TestMethodWorker.java:111)
	at org.testng.TestRunner.privateRun(TestRunner.java:767)
	at org.testng.TestRunner.run(TestRunner.java:617)
	at org.testng.SuiteRunner.runTest(SuiteRunner.java:334)
	at org.testng.SuiteRunner.runSequentially(SuiteRunner.java:329)
	at org.testng.SuiteRunner.privateRun(SuiteRunner.java:291)
	at org.testng.SuiteRunner.run(SuiteRunner.java:240)
	at org.testng.SuiteRunnerWorker.runSuite(SuiteRunnerWorker.java:52)
	at org.testng.SuiteRunnerWorker.run(SuiteRunnerWorker.java:86)
	at org.testng.TestNG.runSuitesSequentially(TestNG.java:1224)
	at org.testng.TestNG.runSuitesLocally(TestNG.java:1149)
	at org.testng.TestNG.run(TestNG.java:1057)
	at org.testng.remote.RemoteTestNG.run(RemoteTestNG.java:111)
	at org.testng.remote.RemoteTestNG.initAndRun(RemoteTestNG.java:204)
	at org.testng.remote.RemoteTestNG.main(RemoteTestNG.java:175)
</pre></div></td>
<td>60</td>
<td>se.test.MiTvAppTest.LikeTest@60addb54</td></tr>
<tr>
<td title='se.test.MiTvAppTest.LikeTest.test_6verifyLikeNiños()'><b>test_6verifyLikeNiños</b><br>Test class: se.test.MiTvAppTest.LikeTest<br/>
<a href="#Output-708533063" onClick='toggleBox("Output-708533063", this, "Show output", "Hide output");'>Show output</a>

<a href="#Output-708533063" onClick="toggleAllBoxes();">Show all outputs</a>
<div class='log' id="Output-708533063">
Verify Niños like option<br/>
</div>
</td>
<td><div><pre>org.openqa.selenium.NoSuchElementException: An element could not be located on the page using the given search parameters. (WARNING: The server did not provide any stacktrace information)
Command duration or timeout: 60.40 seconds
For documentation on this error, please visit: http://seleniumhq.org/exceptions/no_such_element.html
Build info: version: &apos;2.42.2&apos;, revision: &apos;6a6995d31c7c56c340d6f45a76976d43506cd6cc&apos;, time: &apos;2014-06-03 10:52:47&apos;
System info: host: &apos;IPPRAKASHKUMAR&apos;, ip: &apos;192.168.1.84&apos;, os.name: &apos;Mac OS X&apos;, os.arch: &apos;x86_64&apos;, os.version: &apos;10.9.4&apos;, java.version: &apos;1.8.0_05&apos;
Driver info: io.appium.java_client.AppiumDriver
Capabilities [{desired={}, platformVersion=4.1, warnings={}, webStorageEnabled=false, browserName=Android, takesScreenshot=true, javascriptEnabled=true, databaseEnabled=false, platform=LINUX}]
Session ID: 9b3bc51f-5dc1-4c91-bbc6-006c81c5c39e
	at org.openqa.selenium.remote.ErrorHandler.createThrowable(ErrorHandler.java:204)
	at org.openqa.selenium.remote.ErrorHandler.throwIfResponseFailed(ErrorHandler.java:156)
	at org.openqa.selenium.remote.RemoteWebDriver.execute(RemoteWebDriver.java:599)
	at io.appium.java_client.AppiumDriver.execute(AppiumDriver.java:95)
	at org.openqa.selenium.remote.RemoteWebDriver.findElement(RemoteWebDriver.java:352)
	at org.openqa.selenium.remote.RemoteWebDriver.findElementById(RemoteWebDriver.java:393)
	at org.openqa.selenium.By$ById.findElement(By.java:214)
	at org.openqa.selenium.remote.RemoteWebDriver.findElement(RemoteWebDriver.java:344)
	at se.test.MiTvAppTest.SuperTestNG.profilePage(SuperTestNG.java:82)
	at se.test.MiTvAppTest.LikeTest.test_6verifyLikeNiños(LikeTest.java:180)
... Removed 28 stack frames</pre></div><a href='#' onClick='toggleBox("stack-trace708533063", this, "Click to show all stack frames", "Click to hide stack frames")'>Click to show all stack frames</a>
<div class='stack-trace' id='stack-trace708533063'><pre>org.openqa.selenium.NoSuchElementException: An element could not be located on the page using the given search parameters. (WARNING: The server did not provide any stacktrace information)
Command duration or timeout: 60.40 seconds
For documentation on this error, please visit: http://seleniumhq.org/exceptions/no_such_element.html
Build info: version: &apos;2.42.2&apos;, revision: &apos;6a6995d31c7c56c340d6f45a76976d43506cd6cc&apos;, time: &apos;2014-06-03 10:52:47&apos;
System info: host: &apos;IPPRAKASHKUMAR&apos;, ip: &apos;192.168.1.84&apos;, os.name: &apos;Mac OS X&apos;, os.arch: &apos;x86_64&apos;, os.version: &apos;10.9.4&apos;, java.version: &apos;1.8.0_05&apos;
Driver info: io.appium.java_client.AppiumDriver
Capabilities [{desired={}, platformVersion=4.1, warnings={}, webStorageEnabled=false, browserName=Android, takesScreenshot=true, javascriptEnabled=true, databaseEnabled=false, platform=LINUX}]
Session ID: 9b3bc51f-5dc1-4c91-bbc6-006c81c5c39e
	at sun.reflect.NativeConstructorAccessorImpl.newInstance0(Native Method)
	at sun.reflect.NativeConstructorAccessorImpl.newInstance(NativeConstructorAccessorImpl.java:62)
	at sun.reflect.DelegatingConstructorAccessorImpl.newInstance(DelegatingConstructorAccessorImpl.java:45)
	at java.lang.reflect.Constructor.newInstance(Constructor.java:408)
	at org.openqa.selenium.remote.ErrorHandler.createThrowable(ErrorHandler.java:204)
	at org.openqa.selenium.remote.ErrorHandler.throwIfResponseFailed(ErrorHandler.java:156)
	at org.openqa.selenium.remote.RemoteWebDriver.execute(RemoteWebDriver.java:599)
	at io.appium.java_client.AppiumDriver.execute(AppiumDriver.java:95)
	at org.openqa.selenium.remote.RemoteWebDriver.findElement(RemoteWebDriver.java:352)
	at org.openqa.selenium.remote.RemoteWebDriver.findElementById(RemoteWebDriver.java:393)
	at org.openqa.selenium.By$ById.findElement(By.java:214)
	at org.openqa.selenium.remote.RemoteWebDriver.findElement(RemoteWebDriver.java:344)
	at se.test.MiTvAppTest.SuperTestNG.profilePage(SuperTestNG.java:82)
	at se.test.MiTvAppTest.LikeTest.test_6verifyLikeNiños(LikeTest.java:180)
	at sun.reflect.NativeMethodAccessorImpl.invoke0(Native Method)
	at sun.reflect.NativeMethodAccessorImpl.invoke(NativeMethodAccessorImpl.java:62)
	at sun.reflect.DelegatingMethodAccessorImpl.invoke(DelegatingMethodAccessorImpl.java:43)
	at java.lang.reflect.Method.invoke(Method.java:483)
	at org.testng.internal.MethodInvocationHelper.invokeMethod(MethodInvocationHelper.java:84)
	at org.testng.internal.Invoker.invokeMethod(Invoker.java:714)
	at org.testng.internal.Invoker.invokeTestMethod(Invoker.java:901)
	at org.testng.internal.Invoker.invokeTestMethods(Invoker.java:1231)
	at org.testng.internal.TestMethodWorker.invokeTestMethods(TestMethodWorker.java:127)
	at org.testng.internal.TestMethodWorker.run(TestMethodWorker.java:111)
	at org.testng.TestRunner.privateRun(TestRunner.java:767)
	at org.testng.TestRunner.run(TestRunner.java:617)
	at org.testng.SuiteRunner.runTest(SuiteRunner.java:334)
	at org.testng.SuiteRunner.runSequentially(SuiteRunner.java:329)
	at org.testng.SuiteRunner.privateRun(SuiteRunner.java:291)
	at org.testng.SuiteRunner.run(SuiteRunner.java:240)
	at org.testng.SuiteRunnerWorker.runSuite(SuiteRunnerWorker.java:52)
	at org.testng.SuiteRunnerWorker.run(SuiteRunnerWorker.java:86)
	at org.testng.TestNG.runSuitesSequentially(TestNG.java:1224)
	at org.testng.TestNG.runSuitesLocally(TestNG.java:1149)
	at org.testng.TestNG.run(TestNG.java:1057)
	at org.testng.remote.RemoteTestNG.run(RemoteTestNG.java:111)
	at org.testng.remote.RemoteTestNG.initAndRun(RemoteTestNG.java:204)
	at org.testng.remote.RemoteTestNG.main(RemoteTestNG.java:175)
</pre></div></td>
<td>60</td>
<td>se.test.MiTvAppTest.LikeTest@60addb54</td></tr>
</table><p>
<table width='100%' border='1' class='invocation-passed'>
<tr><td colspan='4' align='center'><b>PASSED TESTS</b></td></tr>
<tr><td><b>Test method</b></td>
<td width="30%"><b>Exception</b></td>
<td width="10%"><b>Time (seconds)</b></td>
<td><b>Instance</b></td>
</tr>
<tr>
<td title='se.test.MiTvAppTest.LikeTest.test_1SplashScreen()'><b>test_1SplashScreen</b><br>Test class: se.test.MiTvAppTest.LikeTest<br/>
<a href="#Output-1610525991" onClick='toggleBox("Output-1610525991", this, "Show output", "Hide output");'>Show output</a>

<a href="#Output-1610525991" onClick="toggleAllBoxes();">Show all outputs</a>
<div class='log' id="Output-1610525991">
SplashScreen<br/>
</div>
</td>
<td></td>
<td>9</td>
<td>se.test.MiTvAppTest.LikeTest@60addb54</td></tr>
<tr>
<td title='se.test.MiTvAppTest.AndroidApp.test_1SplashScreen()'><b>test_1SplashScreen</b><br>Test class: se.test.MiTvAppTest.AndroidApp<br/>
<a href="#Output-1168019749" onClick='toggleBox("Output-1168019749", this, "Show output", "Hide output");'>Show output</a>

<a href="#Output-1168019749" onClick="toggleAllBoxes();">Show all outputs</a>
<div class='log' id="Output-1168019749">
SplashScreen<br/>
</div>
</td>
<td></td>
<td>7</td>
<td>se.test.MiTvAppTest.AndroidApp@3a03464</td></tr>
<tr>
<td title='se.test.MiTvAppTest.AndroidApp.test_2RegisterNewUser()'><b>test_2RegisterNewUser</b><br>Test class: se.test.MiTvAppTest.AndroidApp<br>Parameters: supriya, vivek, supriya.v@indpro.se, password<br/>
<a href="#Output-1448525331" onClick='toggleBox("Output-1448525331", this, "Show output", "Hide output");'>Show output</a>

<a href="#Output-1448525331" onClick="toggleAllBoxes();">Show all outputs</a>
<div class='log' id="Output-1448525331">
Register new user test case<br/>
Email id already registered<br/>
</div>
</td>
<td></td>
<td>88</td>
<td>se.test.MiTvAppTest.AndroidApp@3a03464</td></tr>
<tr>
<td title='se.test.MiTvAppTest.LikeTest.test_2verifyLikeTodos()'><b>test_2verifyLikeTodos</b><br>Test class: se.test.MiTvAppTest.LikeTest<br/>
<a href="#Output-574434418" onClick='toggleBox("Output-574434418", this, "Show output", "Hide output");'>Show output</a>

<a href="#Output-574434418" onClick="toggleAllBoxes();">Show all outputs</a>
<div class='log' id="Output-574434418">
Verify Todos like option<br/>
login test case<br/>
verify like exists<br/>
logout test case<br/>
verify like empty<br/>
login test case<br/>
logout test case<br/>
</div>
</td>
<td></td>
<td>219</td>
<td>se.test.MiTvAppTest.LikeTest@60addb54</td></tr>
<tr>
<td title='se.test.MiTvAppTest.AndroidApp.test_3VerifyDates()'><b>test_3VerifyDates</b><br>Test class: se.test.MiTvAppTest.AndroidApp<br/>
<a href="#Output-1047087935" onClick='toggleBox("Output-1047087935", this, "Show output", "Hide output");'>Show output</a>

<a href="#Output-1047087935" onClick="toggleAllBoxes();">Show all outputs</a>
<div class='log' id="Output-1047087935">
verifyDates test case<br/>
</div>
</td>
<td></td>
<td>10</td>
<td>se.test.MiTvAppTest.AndroidApp@3a03464</td></tr>
<tr>
<td title='se.test.MiTvAppTest.AndroidApp.test_4MovieIcon()'><b>test_4MovieIcon</b><br>Test class: se.test.MiTvAppTest.AndroidApp<br/>
<a href="#Output-1671179293" onClick='toggleBox("Output-1671179293", this, "Show output", "Hide output");'>Show output</a>

<a href="#Output-1671179293" onClick="toggleAllBoxes();">Show all outputs</a>
<div class='log' id="Output-1671179293">
testMovieIcon test case<br/>
</div>
</td>
<td></td>
<td>5</td>
<td>se.test.MiTvAppTest.AndroidApp@3a03464</td></tr>
<tr>
<td title='se.test.MiTvAppTest.AndroidApp.test_5SportsReminder()'><b>test_5SportsReminder</b><br>Test class: se.test.MiTvAppTest.AndroidApp<br/>
<a href="#Output-1578009262" onClick='toggleBox("Output-1578009262", this, "Show output", "Hide output");'>Show output</a>

<a href="#Output-1578009262" onClick="toggleAllBoxes();">Show all outputs</a>
<div class='log' id="Output-1578009262">
test sports test case<br/>
login test case<br/>
logout test case<br/>
</div>
</td>
<td></td>
<td>174</td>
<td>se.test.MiTvAppTest.AndroidApp@3a03464</td></tr>
<tr>
<td title='se.test.MiTvAppTest.AndroidApp.test_6DragAndDrop()'><b>test_6DragAndDrop</b><br>Test class: se.test.MiTvAppTest.AndroidApp<br/>
<a href="#Output-391914049" onClick='toggleBox("Output-391914049", this, "Show output", "Hide output");'>Show output</a>

<a href="#Output-391914049" onClick="toggleAllBoxes();">Show all outputs</a>
<div class='log' id="Output-391914049">
Drag drop channels test case<br/>
login test case<br/>
logout test case<br/>
</div>
</td>
<td></td>
<td>123</td>
<td>se.test.MiTvAppTest.AndroidApp@3a03464</td></tr>
<tr>
<td title='se.test.MiTvAppTest.AndroidApp.test_7Activity()'><b>test_7Activity</b><br>Test class: se.test.MiTvAppTest.AndroidApp<br/>
<a href="#Output-1165303897" onClick='toggleBox("Output-1165303897", this, "Show output", "Hide output");'>Show output</a>

<a href="#Output-1165303897" onClick="toggleAllBoxes();">Show all outputs</a>
<div class='log' id="Output-1165303897">
test activity test case<br/>
logout test case<br/>
</div>
</td>
<td></td>
<td>114</td>
<td>se.test.MiTvAppTest.AndroidApp@3a03464</td></tr>
<tr>
<td title='se.test.MiTvAppTest.AndroidApp.test_8ResetPassword()'><b>test_8ResetPassword</b><br>Test class: se.test.MiTvAppTest.AndroidApp<br/>
<a href="#Output-757004314" onClick='toggleBox("Output-757004314", this, "Show output", "Hide output");'>Show output</a>

<a href="#Output-757004314" onClick="toggleAllBoxes();">Show all outputs</a>
<div class='log' id="Output-757004314">
testResetPassword test case<br/>
</div>
</td>
<td></td>
<td>118</td>
<td>se.test.MiTvAppTest.AndroidApp@3a03464</td></tr>
<tr>
<td title='se.test.MiTvAppTest.AndroidApp.test_9homeActivity()'><b>test_9homeActivity</b><br>Test class: se.test.MiTvAppTest.AndroidApp</td>
<td></td>
<td>37</td>
<td>se.test.MiTvAppTest.AndroidApp@3a03464</td></tr>
</table><p>
</body>
</html>