<?xml version="1.0" encoding="UTF-8"?>
<!-- Generated by org.testng.reporters.JUnitXMLReporter -->
<testsuite hostname="IPPRAKASHKUMAR" name="MiTvTestCases" tests="16" failures="1" timestamp="15 Sep 2014 04:25:09 GMT" time="1071.603" errors="0">
  <testcase name="test_1SplashScreen" time="8.244" classname="se.test.MiTvAppTest.LikeTestCases"/>
  <testcase name="test_2verifyLikeTodos" time="172.734" classname="se.test.MiTvAppTest.LikeTestCases">
    <failure type="org.openqa.selenium.NoSuchElementException" message="An element could not be located on the page using the given search parameters. (WARNING: The server did not provide any stacktrace information)
Command duration or timeout: 60.07 seconds
For documentation on this error, please visit: http://seleniumhq.org/exceptions/no_such_element.html
Build info: version: &amp;apos;2.42.2&amp;apos;, revision: &amp;apos;6a6995d31c7c56c340d6f45a76976d43506cd6cc&amp;apos;, time: &amp;apos;2014-06-03 10:52:47&amp;apos;
System info: host: &amp;apos;IPPRAKASHKUMAR&amp;apos;, ip: &amp;apos;192.168.1.84&amp;apos;, os.name: &amp;apos;Mac OS X&amp;apos;, os.arch: &amp;apos;x86_64&amp;apos;, os.version: &amp;apos;10.9.4&amp;apos;, java.version: &amp;apos;1.8.0_05&amp;apos;
Driver info: io.appium.java_client.AppiumDriver
Capabilities [{desired={}, platformVersion=4.1, warnings={}, webStorageEnabled=false, browserName=Android, takesScreenshot=true, javascriptEnabled=true, databaseEnabled=false, platform=LINUX}]
Session ID: 04e8c3a3-96e2-401c-ac11-73975ea1a59c">
      <![CDATA[org.openqa.selenium.NoSuchElementException: An element could not be located on the page using the given search parameters. (WARNING: The server did not provide any stacktrace information)
Command duration or timeout: 60.07 seconds
For documentation on this error, please visit: http://seleniumhq.org/exceptions/no_such_element.html
Build info: version: '2.42.2', revision: '6a6995d31c7c56c340d6f45a76976d43506cd6cc', time: '2014-06-03 10:52:47'
System info: host: 'IPPRAKASHKUMAR', ip: '192.168.1.84', os.name: 'Mac OS X', os.arch: 'x86_64', os.version: '10.9.4', java.version: '1.8.0_05'
Driver info: io.appium.java_client.AppiumDriver
Capabilities [{desired={}, platformVersion=4.1, warnings={}, webStorageEnabled=false, browserName=Android, takesScreenshot=true, javascriptEnabled=true, databaseEnabled=false, platform=LINUX}]
Session ID: 04e8c3a3-96e2-401c-ac11-73975ea1a59c
	at org.openqa.selenium.remote.ErrorHandler.createThrowable(ErrorHandler.java:204)
	at org.openqa.selenium.remote.ErrorHandler.throwIfResponseFailed(ErrorHandler.java:156)
	at org.openqa.selenium.remote.RemoteWebDriver.execute(RemoteWebDriver.java:599)
	at io.appium.java_client.AppiumDriver.execute(AppiumDriver.java:95)
	at org.openqa.selenium.remote.RemoteWebDriver.findElement(RemoteWebDriver.java:352)
	at org.openqa.selenium.remote.RemoteWebDriver.findElementById(RemoteWebDriver.java:393)
	at org.openqa.selenium.By$ById.findElement(By.java:214)
	at org.openqa.selenium.remote.RemoteWebDriver.findElement(RemoteWebDriver.java:344)
	at se.test.MiTvAppTest.LikeTestCases.test_2verifyLikeTodos(LikeTestCases.java:90)
... Removed 28 stack frames]]>
    </failure>
  </testcase> <!-- test_2verifyLikeTodos -->
  <testcase name="test_1SplashScreen" time="7.748" classname="se.test.MiTvAppTest.ActivitiesTestCase"/>
  <testcase name="test_2Activity" time="120.394" classname="se.test.MiTvAppTest.ActivitiesTestCase"/>
  <testcase name="test_1SplashScreen" time="8.678" classname="se.test.MiTvAppTest.DragDropChannelTestCase"/>
  <testcase name="test_2DragAndDrop" time="222.98" classname="se.test.MiTvAppTest.DragDropChannelTestCase"/>
  <testcase name="test_1SplashScreen" time="7.116" classname="se.test.MiTvAppTest.HomeActivitiesTestCase"/>
  <testcase name="test_2homeActivity" time="30.218" classname="se.test.MiTvAppTest.HomeActivitiesTestCase"/>
  <testcase name="test_1SplashScreen" time="8.732" classname="se.test.MiTvAppTest.RegisterNewUser"/>
  <testcase name="test_2RegisterNewUser" time="87.968" classname="se.test.MiTvAppTest.RegisterNewUser"/>
  <testcase name="test_3VerifyDates" time="10.825" classname="se.test.MiTvAppTest.RegisterNewUser"/>
  <testcase name="test_4MovieIcon" time="5.437" classname="se.test.MiTvAppTest.RegisterNewUser"/>
  <testcase name="test_1SplashScreen" time="7.209" classname="se.test.MiTvAppTest.ReminderTestCases"/>
  <testcase name="test_2SportsReminder" time="185.933" classname="se.test.MiTvAppTest.ReminderTestCases"/>
  <testcase name="test_1SplashScreen" time="8.324" classname="se.test.MiTvAppTest.ResetPassword"/>
  <testcase name="test_2ResetPassword" time="121.749" classname="se.test.MiTvAppTest.ResetPassword"/>
</testsuite> <!-- MiTvTestCases -->
