<?xml version="1.0" encoding="UTF-8"?>
<!-- Generated by org.testng.reporters.JUnitXMLReporter -->
<testsuite hostname="IPPRAKASHKUMAR" name="Default test" tests="14" failures="0" timestamp="10 Sep 2014 06:51:07 GMT" time="0.659" errors="0">
  <testcase name="@BeforeClass SetUp" time="0.0" classname="se.test.MiTvAppTest.LikeTest">
    <failure type="org.openqa.selenium.SessionNotCreatedException" message="A new session could not be created. (Original error: Requested a new session but one was in progress) (WARNING: The server did not provide any stacktrace information)
Command duration or timeout: 148 milliseconds
Build info: version: &amp;apos;2.42.2&amp;apos;, revision: &amp;apos;6a6995d31c7c56c340d6f45a76976d43506cd6cc&amp;apos;, time: &amp;apos;2014-06-03 10:52:47&amp;apos;
System info: host: &amp;apos;IPPRAKASHKUMAR&amp;apos;, ip: &amp;apos;192.168.1.84&amp;apos;, os.name: &amp;apos;Mac OS X&amp;apos;, os.arch: &amp;apos;x86_64&amp;apos;, os.version: &amp;apos;10.9.4&amp;apos;, java.version: &amp;apos;1.8.0_05&amp;apos;
Driver info: io.appium.java_client.AppiumDriver">
      <![CDATA[org.openqa.selenium.SessionNotCreatedException: A new session could not be created. (Original error: Requested a new session but one was in progress) (WARNING: The server did not provide any stacktrace information)
Command duration or timeout: 148 milliseconds
Build info: version: '2.42.2', revision: '6a6995d31c7c56c340d6f45a76976d43506cd6cc', time: '2014-06-03 10:52:47'
System info: host: 'IPPRAKASHKUMAR', ip: '192.168.1.84', os.name: 'Mac OS X', os.arch: 'x86_64', os.version: '10.9.4', java.version: '1.8.0_05'
Driver info: io.appium.java_client.AppiumDriver
	at sun.reflect.NativeConstructorAccessorImpl.newInstance0(Native Method)
	at sun.reflect.NativeConstructorAccessorImpl.newInstance(NativeConstructorAccessorImpl.java:62)
	at sun.reflect.DelegatingConstructorAccessorImpl.newInstance(DelegatingConstructorAccessorImpl.java:45)
	at java.lang.reflect.Constructor.newInstance(Constructor.java:408)
	at org.openqa.selenium.remote.ErrorHandler.createThrowable(ErrorHandler.java:204)
	at org.openqa.selenium.remote.ErrorHandler.throwIfResponseFailed(ErrorHandler.java:156)
	at org.openqa.selenium.remote.RemoteWebDriver.execute(RemoteWebDriver.java:599)
	at io.appium.java_client.AppiumDriver.execute(AppiumDriver.java:95)
	at org.openqa.selenium.remote.RemoteWebDriver.startSession(RemoteWebDriver.java:240)
	at org.openqa.selenium.remote.RemoteWebDriver.<init>(RemoteWebDriver.java:126)
	at org.openqa.selenium.remote.RemoteWebDriver.<init>(RemoteWebDriver.java:153)
	at io.appium.java_client.AppiumDriver.<init>(AppiumDriver.java:49)
	at se.test.MiTvAppTest.LikeTest.SetUp(LikeTest.java:32)
	at sun.reflect.NativeMethodAccessorImpl.invoke0(Native Method)
	at sun.reflect.NativeMethodAccessorImpl.invoke(NativeMethodAccessorImpl.java:62)
	at sun.reflect.DelegatingMethodAccessorImpl.invoke(DelegatingMethodAccessorImpl.java:43)
	at java.lang.reflect.Method.invoke(Method.java:483)
	at org.testng.internal.MethodInvocationHelper.invokeMethod(MethodInvocationHelper.java:84)
	at org.testng.internal.Invoker.invokeConfigurationMethod(Invoker.java:564)
	at org.testng.internal.Invoker.invokeConfigurations(Invoker.java:213)
	at org.testng.internal.Invoker.invokeConfigurations(Invoker.java:138)
	at org.testng.internal.TestMethodWorker.invokeBeforeClassMethods(TestMethodWorker.java:175)
	at org.testng.internal.TestMethodWorker.run(TestMethodWorker.java:107)
	at org.testng.TestRunner.privateRun(TestRunner.java:767)
	at org.testng.TestRunner.run(TestRunner.java:617)
	at org.testng.SuiteRunner.runTest(SuiteRunner.java:334)
	at org.testng.SuiteRunner.runSequentially(SuiteRunner.java:329)
	at org.testng.SuiteRunner.privateRun(SuiteRunner.java:291)
	at org.testng.SuiteRunner.run(SuiteRunner.java:240)
	at org.testng.SuiteRunnerWorker.runSuite(SuiteRunnerWorker.java:52)
	at org.testng.SuiteRunnerWorker.run(SuiteRunnerWorker.java:86)
	at org.testng.TestNG.runSuitesSequentially(TestNG.java:1224)
	at org.testng.TestNG.runSuitesLocally(TestNG.java:1149)
	at org.testng.TestNG.run(TestNG.java:1057)
	at org.testng.remote.RemoteTestNG.run(RemoteTestNG.java:111)
	at org.testng.remote.RemoteTestNG.initAndRun(RemoteTestNG.java:204)
	at org.testng.remote.RemoteTestNG.main(RemoteTestNG.java:175)
]]>
    </failure>
  </testcase> <!-- @BeforeClass SetUp -->
  <testcase name="@AfterClass TearDown" time="0.0" classname="se.test.MiTvAppTest.LikeTest">
    <skipped/>
  </testcase> <!-- @AfterClass TearDown -->
  <testcase name="test_2RegisterNewUser" time="0.001" classname="se.test.MiTvAppTest.LikeTest">
    <skipped/>
  </testcase> <!-- test_2RegisterNewUser -->
  <testcase name="test_3VerifyDates" time="0.003" classname="se.test.MiTvAppTest.LikeTest">
    <skipped/>
  </testcase> <!-- test_3VerifyDates -->
  <testcase name="test_4MovieIcon" time="0.003" classname="se.test.MiTvAppTest.LikeTest">
    <skipped/>
  </testcase> <!-- test_4MovieIcon -->
  <testcase name="test_5SportsReminder" time="0.001" classname="se.test.MiTvAppTest.LikeTest">
    <skipped/>
  </testcase> <!-- test_5SportsReminder -->
  <testcase name="test_6DragAndDrop" time="0.0" classname="se.test.MiTvAppTest.LikeTest">
    <skipped/>
  </testcase> <!-- test_6DragAndDrop -->
  <testcase name="test_7Activity" time="0.001" classname="se.test.MiTvAppTest.LikeTest">
    <skipped/>
  </testcase> <!-- test_7Activity -->
  <testcase name="test_8ResetPassword" time="0.001" classname="se.test.MiTvAppTest.LikeTest">
    <skipped/>
  </testcase> <!-- test_8ResetPassword -->
  <testcase name="test_9homeActivity" time="0.004" classname="se.test.MiTvAppTest.LikeTest">
    <skipped/>
  </testcase> <!-- test_9homeActivity -->
  <testcase name="test_1SplashScreen" time="0.001" classname="se.test.MiTvAppTest.LikeTest">
    <skipped/>
  </testcase> <!-- test_1SplashScreen -->
  <testcase name="test_2verifyLikeTodos" time="0.001" classname="se.test.MiTvAppTest.LikeTest">
    <skipped/>
  </testcase> <!-- test_2verifyLikeTodos -->
  <testcase name="test_3verifyLikePelis" time="0.001" classname="se.test.MiTvAppTest.LikeTest">
    <skipped/>
  </testcase> <!-- test_3verifyLikePelis -->
  <testcase name="test_4verifyLikeSeries" time="0.001" classname="se.test.MiTvAppTest.LikeTest">
    <skipped/>
  </testcase> <!-- test_4verifyLikeSeries -->
  <testcase name="test_5verifyLikeDeportes" time="0.0" classname="se.test.MiTvAppTest.LikeTest">
    <skipped/>
  </testcase> <!-- test_5verifyLikeDeportes -->
  <testcase name="test_6verifyLikeNiños" time="0.0" classname="se.test.MiTvAppTest.LikeTest">
    <skipped/>
  </testcase> <!-- test_6verifyLikeNiños -->
</testsuite> <!-- Default test -->
