<html>
<head>
<title>TestNG:  Default test</title>
<link href="../testng.css" rel="stylesheet" type="text/css" />
<link href="../my-testng.css" rel="stylesheet" type="text/css" />

<style type="text/css">
.log { display: none;} 
.stack-trace { display: none;} 
</style>
<script type="text/javascript">
<!--
function flip(e) {
  current = e.style.display;
  if (current == 'block') {
    e.style.display = 'none';
    return 0;
  }
  else {
    e.style.display = 'block';
    return 1;
  }
}

function toggleBox(szDivId, elem, msg1, msg2)
{
  var res = -1;  if (document.getElementById) {
    res = flip(document.getElementById(szDivId));
  }
  else if (document.all) {
    // this is the way old msie versions work
    res = flip(document.all[szDivId]);
  }
  if(elem) {
    if(res == 0) elem.innerHTML = msg1; else elem.innerHTML = msg2;
  }

}

function toggleAllBoxes() {
  if (document.getElementsByTagName) {
    d = document.getElementsByTagName('div');
    for (i = 0; i < d.length; i++) {
      if (d[i].className == 'log') {
        flip(d[i]);
      }
    }
  }
}

// -->
</script>

</head>
<body>
<h2 align='center'>Default test</h2><table border='1' align="center">
<tr>
<td>Tests passed/Failed/Skipped:</td><td>0/0/14</td>
</tr><tr>
<td>Started on:</td><td>Wed Sep 10 01:51:06 COT 2014</td>
</tr>
<tr><td>Total time:</td><td>0 seconds (659 ms)</td>
</tr><tr>
<td>Included groups:</td><td></td>
</tr><tr>
<td>Excluded groups:</td><td></td>
</tr>
</table><p/>
<small><i>(Hover the method name to see the test class name)</i></small><p/>
<table width='100%' border='1' class='invocation-failed'>
<tr><td colspan='4' align='center'><b>FAILED CONFIGURATIONS</b></td></tr>
<tr><td><b>Test method</b></td>
<td width="30%"><b>Exception</b></td>
<td width="10%"><b>Time (seconds)</b></td>
<td><b>Instance</b></td>
</tr>
<tr>
<td title='se.test.MiTvAppTest.LikeTest.SetUp()'><b>SetUp</b><br>Test class: se.test.MiTvAppTest.LikeTest</td>
<td><div><pre>org.openqa.selenium.SessionNotCreatedException: A new session could not be created. (Original error: Requested a new session but one was in progress) (WARNING: The server did not provide any stacktrace information)
Command duration or timeout: 148 milliseconds
Build info: version: &apos;2.42.2&apos;, revision: &apos;6a6995d31c7c56c340d6f45a76976d43506cd6cc&apos;, time: &apos;2014-06-03 10:52:47&apos;
System info: host: &apos;IPPRAKASHKUMAR&apos;, ip: &apos;192.168.1.84&apos;, os.name: &apos;Mac OS X&apos;, os.arch: &apos;x86_64&apos;, os.version: &apos;10.9.4&apos;, java.version: &apos;1.8.0_05&apos;
Driver info: io.appium.java_client.AppiumDriver
	at sun.reflect.NativeConstructorAccessorImpl.newInstance0(Native Method)
	at sun.reflect.NativeConstructorAccessorImpl.newInstance(NativeConstructorAccessorImpl.java:62)
	at sun.reflect.DelegatingConstructorAccessorImpl.newInstance(DelegatingConstructorAccessorImpl.java:45)
	at java.lang.reflect.Constructor.newInstance(Constructor.java:408)
	at org.openqa.selenium.remote.ErrorHandler.createThrowable(ErrorHandler.java:204)
	at org.openqa.selenium.remote.ErrorHandler.throwIfResponseFailed(ErrorHandler.java:156)
	at org.openqa.selenium.remote.RemoteWebDriver.execute(RemoteWebDriver.java:599)
	at io.appium.java_client.AppiumDriver.execute(AppiumDriver.java:95)
	at org.openqa.selenium.remote.RemoteWebDriver.startSession(RemoteWebDriver.java:240)
	at org.openqa.selenium.remote.RemoteWebDriver.&lt;init&gt;(RemoteWebDriver.java:126)
	at org.openqa.selenium.remote.RemoteWebDriver.&lt;init&gt;(RemoteWebDriver.java:153)
	at io.appium.java_client.AppiumDriver.&lt;init&gt;(AppiumDriver.java:49)
	at se.test.MiTvAppTest.LikeTest.SetUp(LikeTest.java:32)
	at sun.reflect.NativeMethodAccessorImpl.invoke0(Native Method)
	at sun.reflect.NativeMethodAccessorImpl.invoke(NativeMethodAccessorImpl.java:62)
	at sun.reflect.DelegatingMethodAccessorImpl.invoke(DelegatingMethodAccessorImpl.java:43)
	at java.lang.reflect.Method.invoke(Method.java:483)
	at org.testng.internal.MethodInvocationHelper.invokeMethod(MethodInvocationHelper.java:84)
	at org.testng.internal.Invoker.invokeConfigurationMethod(Invoker.java:564)
	at org.testng.internal.Invoker.invokeConfigurations(Invoker.java:213)
	at org.testng.internal.Invoker.invokeConfigurations(Invoker.java:138)
	at org.testng.internal.TestMethodWorker.invokeBeforeClassMethods(TestMethodWorker.java:175)
	at org.testng.internal.TestMethodWorker.run(TestMethodWorker.java:107)
	at org.testng.TestRunner.privateRun(TestRunner.java:767)
	at org.testng.TestRunner.run(TestRunner.java:617)
	at org.testng.SuiteRunner.runTest(SuiteRunner.java:334)
	at org.testng.SuiteRunner.runSequentially(SuiteRunner.java:329)
	at org.testng.SuiteRunner.privateRun(SuiteRunner.java:291)
	at org.testng.SuiteRunner.run(SuiteRunner.java:240)
	at org.testng.SuiteRunnerWorker.runSuite(SuiteRunnerWorker.java:52)
	at org.testng.SuiteRunnerWorker.run(SuiteRunnerWorker.java:86)
	at org.testng.TestNG.runSuitesSequentially(TestNG.java:1224)
	at org.testng.TestNG.runSuitesLocally(TestNG.java:1149)
	at org.testng.TestNG.run(TestNG.java:1057)
	at org.testng.remote.RemoteTestNG.run(RemoteTestNG.java:111)
	at org.testng.remote.RemoteTestNG.initAndRun(RemoteTestNG.java:204)
	at org.testng.remote.RemoteTestNG.main(RemoteTestNG.java:175)
</pre></div><a href='#' onClick='toggleBox("stack-trace1780034814", this, "Click to show all stack frames", "Click to hide stack frames")'>Click to show all stack frames</a>
<div class='stack-trace' id='stack-trace1780034814'><pre>org.openqa.selenium.SessionNotCreatedException: A new session could not be created. (Original error: Requested a new session but one was in progress) (WARNING: The server did not provide any stacktrace information)
Command duration or timeout: 148 milliseconds
Build info: version: &apos;2.42.2&apos;, revision: &apos;6a6995d31c7c56c340d6f45a76976d43506cd6cc&apos;, time: &apos;2014-06-03 10:52:47&apos;
System info: host: &apos;IPPRAKASHKUMAR&apos;, ip: &apos;192.168.1.84&apos;, os.name: &apos;Mac OS X&apos;, os.arch: &apos;x86_64&apos;, os.version: &apos;10.9.4&apos;, java.version: &apos;1.8.0_05&apos;
Driver info: io.appium.java_client.AppiumDriver
	at sun.reflect.NativeConstructorAccessorImpl.newInstance0(Native Method)
	at sun.reflect.NativeConstructorAccessorImpl.newInstance(NativeConstructorAccessorImpl.java:62)
	at sun.reflect.DelegatingConstructorAccessorImpl.newInstance(DelegatingConstructorAccessorImpl.java:45)
	at java.lang.reflect.Constructor.newInstance(Constructor.java:408)
	at org.openqa.selenium.remote.ErrorHandler.createThrowable(ErrorHandler.java:204)
	at org.openqa.selenium.remote.ErrorHandler.throwIfResponseFailed(ErrorHandler.java:156)
	at org.openqa.selenium.remote.RemoteWebDriver.execute(RemoteWebDriver.java:599)
	at io.appium.java_client.AppiumDriver.execute(AppiumDriver.java:95)
	at org.openqa.selenium.remote.RemoteWebDriver.startSession(RemoteWebDriver.java:240)
	at org.openqa.selenium.remote.RemoteWebDriver.&lt;init&gt;(RemoteWebDriver.java:126)
	at org.openqa.selenium.remote.RemoteWebDriver.&lt;init&gt;(RemoteWebDriver.java:153)
	at io.appium.java_client.AppiumDriver.&lt;init&gt;(AppiumDriver.java:49)
	at se.test.MiTvAppTest.LikeTest.SetUp(LikeTest.java:32)
	at sun.reflect.NativeMethodAccessorImpl.invoke0(Native Method)
	at sun.reflect.NativeMethodAccessorImpl.invoke(NativeMethodAccessorImpl.java:62)
	at sun.reflect.DelegatingMethodAccessorImpl.invoke(DelegatingMethodAccessorImpl.java:43)
	at java.lang.reflect.Method.invoke(Method.java:483)
	at org.testng.internal.MethodInvocationHelper.invokeMethod(MethodInvocationHelper.java:84)
	at org.testng.internal.Invoker.invokeConfigurationMethod(Invoker.java:564)
	at org.testng.internal.Invoker.invokeConfigurations(Invoker.java:213)
	at org.testng.internal.Invoker.invokeConfigurations(Invoker.java:138)
	at org.testng.internal.TestMethodWorker.invokeBeforeClassMethods(TestMethodWorker.java:175)
	at org.testng.internal.TestMethodWorker.run(TestMethodWorker.java:107)
	at org.testng.TestRunner.privateRun(TestRunner.java:767)
	at org.testng.TestRunner.run(TestRunner.java:617)
	at org.testng.SuiteRunner.runTest(SuiteRunner.java:334)
	at org.testng.SuiteRunner.runSequentially(SuiteRunner.java:329)
	at org.testng.SuiteRunner.privateRun(SuiteRunner.java:291)
	at org.testng.SuiteRunner.run(SuiteRunner.java:240)
	at org.testng.SuiteRunnerWorker.runSuite(SuiteRunnerWorker.java:52)
	at org.testng.SuiteRunnerWorker.run(SuiteRunnerWorker.java:86)
	at org.testng.TestNG.runSuitesSequentially(TestNG.java:1224)
	at org.testng.TestNG.runSuitesLocally(TestNG.java:1149)
	at org.testng.TestNG.run(TestNG.java:1057)
	at org.testng.remote.RemoteTestNG.run(RemoteTestNG.java:111)
	at org.testng.remote.RemoteTestNG.initAndRun(RemoteTestNG.java:204)
	at org.testng.remote.RemoteTestNG.main(RemoteTestNG.java:175)
</pre></div></td>
<td>0</td>
<td>se.test.MiTvAppTest.LikeTest@3f2a3a5</td></tr>
</table><p>
<table width='100%' border='1' class='invocation-skipped'>
<tr><td colspan='4' align='center'><b>SKIPPED CONFIGURATIONS</b></td></tr>
<tr><td><b>Test method</b></td>
<td width="30%"><b>Exception</b></td>
<td width="10%"><b>Time (seconds)</b></td>
<td><b>Instance</b></td>
</tr>
<tr>
<td title='se.test.MiTvAppTest.LikeTest.TearDown()'><b>TearDown</b><br>Test class: se.test.MiTvAppTest.LikeTest</td>
<td></td>
<td>0</td>
<td>se.test.MiTvAppTest.LikeTest@3f2a3a5</td></tr>
</table><p>
<table width='100%' border='1' class='invocation-skipped'>
<tr><td colspan='4' align='center'><b>SKIPPED TESTS</b></td></tr>
<tr><td><b>Test method</b></td>
<td width="30%"><b>Exception</b></td>
<td width="10%"><b>Time (seconds)</b></td>
<td><b>Instance</b></td>
</tr>
<tr>
<td title='se.test.MiTvAppTest.LikeTest.test_1SplashScreen()'><b>test_1SplashScreen</b><br>Test class: se.test.MiTvAppTest.LikeTest</td>
<td></td>
<td>0</td>
<td>se.test.MiTvAppTest.LikeTest@3f2a3a5</td></tr>
<tr>
<td title='se.test.MiTvAppTest.LikeTest.test_2RegisterNewUser()'><b>test_2RegisterNewUser</b><br>Test class: se.test.MiTvAppTest.LikeTest<br>Parameters: supriya, vivek, supriya.v@indpro.se, password</td>
<td></td>
<td>0</td>
<td>se.test.MiTvAppTest.LikeTest@3f2a3a5</td></tr>
<tr>
<td title='se.test.MiTvAppTest.LikeTest.test_2verifyLikeTodos()'><b>test_2verifyLikeTodos</b><br>Test class: se.test.MiTvAppTest.LikeTest</td>
<td></td>
<td>0</td>
<td>se.test.MiTvAppTest.LikeTest@3f2a3a5</td></tr>
<tr>
<td title='se.test.MiTvAppTest.LikeTest.test_3VerifyDates()'><b>test_3VerifyDates</b><br>Test class: se.test.MiTvAppTest.LikeTest</td>
<td></td>
<td>0</td>
<td>se.test.MiTvAppTest.LikeTest@3f2a3a5</td></tr>
<tr>
<td title='se.test.MiTvAppTest.LikeTest.test_3verifyLikePelis()'><b>test_3verifyLikePelis</b><br>Test class: se.test.MiTvAppTest.LikeTest</td>
<td></td>
<td>0</td>
<td>se.test.MiTvAppTest.LikeTest@3f2a3a5</td></tr>
<tr>
<td title='se.test.MiTvAppTest.LikeTest.test_4MovieIcon()'><b>test_4MovieIcon</b><br>Test class: se.test.MiTvAppTest.LikeTest</td>
<td></td>
<td>0</td>
<td>se.test.MiTvAppTest.LikeTest@3f2a3a5</td></tr>
<tr>
<td title='se.test.MiTvAppTest.LikeTest.test_4verifyLikeSeries()'><b>test_4verifyLikeSeries</b><br>Test class: se.test.MiTvAppTest.LikeTest</td>
<td></td>
<td>0</td>
<td>se.test.MiTvAppTest.LikeTest@3f2a3a5</td></tr>
<tr>
<td title='se.test.MiTvAppTest.LikeTest.test_5SportsReminder()'><b>test_5SportsReminder</b><br>Test class: se.test.MiTvAppTest.LikeTest</td>
<td></td>
<td>0</td>
<td>se.test.MiTvAppTest.LikeTest@3f2a3a5</td></tr>
<tr>
<td title='se.test.MiTvAppTest.LikeTest.test_5verifyLikeDeportes()'><b>test_5verifyLikeDeportes</b><br>Test class: se.test.MiTvAppTest.LikeTest</td>
<td></td>
<td>0</td>
<td>se.test.MiTvAppTest.LikeTest@3f2a3a5</td></tr>
<tr>
<td title='se.test.MiTvAppTest.LikeTest.test_6DragAndDrop()'><b>test_6DragAndDrop</b><br>Test class: se.test.MiTvAppTest.LikeTest</td>
<td></td>
<td>0</td>
<td>se.test.MiTvAppTest.LikeTest@3f2a3a5</td></tr>
<tr>
<td title='se.test.MiTvAppTest.LikeTest.test_6verifyLikeNiños()'><b>test_6verifyLikeNiños</b><br>Test class: se.test.MiTvAppTest.LikeTest</td>
<td></td>
<td>0</td>
<td>se.test.MiTvAppTest.LikeTest@3f2a3a5</td></tr>
<tr>
<td title='se.test.MiTvAppTest.LikeTest.test_7Activity()'><b>test_7Activity</b><br>Test class: se.test.MiTvAppTest.LikeTest</td>
<td></td>
<td>0</td>
<td>se.test.MiTvAppTest.LikeTest@3f2a3a5</td></tr>
<tr>
<td title='se.test.MiTvAppTest.LikeTest.test_8ResetPassword()'><b>test_8ResetPassword</b><br>Test class: se.test.MiTvAppTest.LikeTest</td>
<td></td>
<td>0</td>
<td>se.test.MiTvAppTest.LikeTest@3f2a3a5</td></tr>
<tr>
<td title='se.test.MiTvAppTest.LikeTest.test_9homeActivity()'><b>test_9homeActivity</b><br>Test class: se.test.MiTvAppTest.LikeTest</td>
<td></td>
<td>0</td>
<td>se.test.MiTvAppTest.LikeTest@3f2a3a5</td></tr>
</table><p>
</body>
</html>